2024-02-16 16:57:29 INFO  edu.bu.met.cs665.Main - 321
2024-02-16 16:57:29 INFO  edu.bu.met.cs665.retailer.DeliveryRequest - notify driver:123

2024-02-16 16:57:29 INFO  edu.bu.met.cs665.driver.TaxiDriver - Driver:123 receive a new delivery request:
Retailer:retailer1 want to delivery a "keyboard" from "02141, Cambridge, MA" to "999, Boston, MA" with "19.990000"$.

2024-02-16 16:59:43 INFO  edu.bu.met.cs665.retailer.DeliveryRequest - notify driver:123

2024-02-16 16:59:43 INFO  edu.bu.met.cs665.driver.TaxiDriver - Driver:123 receive a new delivery request:
Retailer:retailer1 want to delivery a "keyboard" from "02141, Cambridge, MA" to "999, Boston, MA" with "19.990000"$.

2024-02-16 17:00:26 INFO  edu.bu.met.cs665.retailer.DeliveryRequest - notify driver:123

2024-02-16 17:00:26 INFO  edu.bu.met.cs665.driver.TaxiDriver - Driver:123 receive a new delivery request:
Retailer:retailer1 want to delivery a "keyboard" from "02141, Cambridge, MA" to "999, Boston, MA" with "19.990000"$.

2024-02-16 17:02:44 INFO  edu.bu.met.cs665.retailer.DeliveryRequest - notify driver:123

2024-02-16 17:02:44 INFO  edu.bu.met.cs665.driver.TaxiDriver - Driver:123 receive a new delivery request:
Retailer:retailer1 want to delivery a "keyboard" from "02141, Cambridge, MA" to "999, Boston, MA" with "19.990000"$.

2024-02-16 17:02:44 INFO  edu.bu.met.cs665.retailer.DeliveryRequest - notify driver:456

2024-02-16 17:02:44 INFO  edu.bu.met.cs665.driver.TaxiDriver - Driver:456 receive a new delivery request:
Retailer:retailer1 want to delivery a "keyboard" from "02141, Cambridge, MA" to "999, Boston, MA" with "19.990000"$.

2024-02-16 17:02:44 INFO  edu.bu.met.cs665.retailer.DeliveryRequest - notify driver:789

2024-02-16 17:02:44 INFO  edu.bu.met.cs665.driver.TaxiDriver - Driver:789 receive a new delivery request:
Retailer:retailer1 want to delivery a "keyboard" from "02141, Cambridge, MA" to "999, Boston, MA" with "19.990000"$.

2024-02-16 17:03:20 INFO  edu.bu.met.cs665.retailer.DeliveryRequest - notify driver:123

2024-02-16 17:03:20 INFO  edu.bu.met.cs665.driver.TaxiDriver - Driver:123 receive a new delivery request:
Retailer:retailer1 want to delivery a "keyboard" from "02141, Cambridge, MA" to "999, Boston, MA" with "19.990000"$.

2024-02-16 17:03:20 INFO  edu.bu.met.cs665.retailer.DeliveryRequest - notify driver:456

2024-02-16 17:03:20 INFO  edu.bu.met.cs665.driver.TaxiDriver - Driver:456 receive a new delivery request:
Retailer:retailer1 want to delivery a "keyboard" from "02141, Cambridge, MA" to "999, Boston, MA" with "19.990000"$.

2024-02-16 17:03:20 INFO  edu.bu.met.cs665.retailer.DeliveryRequest - notify driver:789

2024-02-16 17:03:20 INFO  edu.bu.met.cs665.driver.TaxiDriver - Driver:789 receive a new delivery request:
Retailer:retailer1 want to delivery a "keyboard" from "02141, Cambridge, MA" to "999, Boston, MA" with "19.990000"$.

2024-02-16 17:03:41 INFO  edu.bu.met.cs665.retailer.DeliveryRequest - notify driver:123
2024-02-16 17:03:41 INFO  edu.bu.met.cs665.driver.TaxiDriver - Driver:123 receive a new delivery request:
Retailer:retailer1 want to delivery a "keyboard" from "02141, Cambridge, MA" to "999, Boston, MA" with "19.990000"$.

2024-02-16 17:03:41 INFO  edu.bu.met.cs665.retailer.DeliveryRequest - notify driver:456
2024-02-16 17:03:41 INFO  edu.bu.met.cs665.driver.TaxiDriver - Driver:456 receive a new delivery request:
Retailer:retailer1 want to delivery a "keyboard" from "02141, Cambridge, MA" to "999, Boston, MA" with "19.990000"$.

2024-02-16 17:03:41 INFO  edu.bu.met.cs665.retailer.DeliveryRequest - notify driver:789
2024-02-16 17:03:41 INFO  edu.bu.met.cs665.driver.TaxiDriver - Driver:789 receive a new delivery request:
Retailer:retailer1 want to delivery a "keyboard" from "02141, Cambridge, MA" to "999, Boston, MA" with "19.990000"$.

2024-02-16 17:04:02 INFO  edu.bu.met.cs665.retailer.DeliveryRequest - notify driver:123
2024-02-16 17:04:02 INFO  edu.bu.met.cs665.driver.TaxiDriver - Driver:123 receive a new delivery request:
retailer1 want to delivery a "keyboard" from "02141, Cambridge, MA" to "999, Boston, MA" with "19.990000"$.

2024-02-16 17:04:02 INFO  edu.bu.met.cs665.retailer.DeliveryRequest - notify driver:456
2024-02-16 17:04:02 INFO  edu.bu.met.cs665.driver.TaxiDriver - Driver:456 receive a new delivery request:
retailer1 want to delivery a "keyboard" from "02141, Cambridge, MA" to "999, Boston, MA" with "19.990000"$.

2024-02-16 17:04:02 INFO  edu.bu.met.cs665.retailer.DeliveryRequest - notify driver:789
2024-02-16 17:04:02 INFO  edu.bu.met.cs665.driver.TaxiDriver - Driver:789 receive a new delivery request:
retailer1 want to delivery a "keyboard" from "02141, Cambridge, MA" to "999, Boston, MA" with "19.990000"$.

2024-02-16 17:04:06 INFO  edu.bu.met.cs665.retailer.DeliveryRequest - notify driver:123
2024-02-16 17:04:06 INFO  edu.bu.met.cs665.driver.TaxiDriver - Driver:123 receive a new delivery request:
retailer1 wants to delivery a "keyboard" from "02141, Cambridge, MA" to "999, Boston, MA" with "19.990000"$.

2024-02-16 17:04:06 INFO  edu.bu.met.cs665.retailer.DeliveryRequest - notify driver:456
2024-02-16 17:04:06 INFO  edu.bu.met.cs665.driver.TaxiDriver - Driver:456 receive a new delivery request:
retailer1 wants to delivery a "keyboard" from "02141, Cambridge, MA" to "999, Boston, MA" with "19.990000"$.

2024-02-16 17:04:06 INFO  edu.bu.met.cs665.retailer.DeliveryRequest - notify driver:789
2024-02-16 17:04:06 INFO  edu.bu.met.cs665.driver.TaxiDriver - Driver:789 receive a new delivery request:
retailer1 wants to delivery a "keyboard" from "02141, Cambridge, MA" to "999, Boston, MA" with "19.990000"$.

2024-02-16 17:05:18 INFO  edu.bu.met.cs665.retailer.DeliveryRequest - notify driver:123
2024-02-16 17:05:18 INFO  edu.bu.met.cs665.driver.TaxiDriver - Driver:123 receive a new delivery request:
retailer1 wants to delivery a "keyboard" from "02141, Cambridge, MA" to "999, Boston, MA" with "19.990000"$.

2024-02-16 17:05:18 INFO  edu.bu.met.cs665.retailer.DeliveryRequest - notify driver:456
2024-02-16 17:05:18 INFO  edu.bu.met.cs665.driver.TaxiDriver - Driver:456 receive a new delivery request:
retailer1 wants to delivery a "keyboard" from "02141, Cambridge, MA" to "999, Boston, MA" with "19.990000"$.

2024-02-16 17:05:18 INFO  edu.bu.met.cs665.retailer.DeliveryRequest - notify driver:789
2024-02-16 17:05:18 INFO  edu.bu.met.cs665.driver.TaxiDriver - Driver:789 receive a new delivery request:
retailer1 wants to delivery a "keyboard" from "02141, Cambridge, MA" to "999, Boston, MA" with "19.990000"$.

2024-02-16 17:06:09 INFO  edu.bu.met.cs665.retailer.DeliveryRequest - notify driver:123
2024-02-16 17:06:09 INFO  edu.bu.met.cs665.driver.TaxiDriver - Driver:123 receive a new delivery request:
retailer1 wants to delivery a "keyboard" from "02141, Cambridge, MA" to "999, Boston, MA" with "19.990000"$.

2024-02-16 17:06:09 INFO  edu.bu.met.cs665.retailer.DeliveryRequest - notify driver:456
2024-02-16 17:06:09 INFO  edu.bu.met.cs665.driver.TaxiDriver - Driver:456 receive a new delivery request:
retailer1 wants to delivery a "keyboard" from "02141, Cambridge, MA" to "999, Boston, MA" with "19.990000"$.

2024-02-16 17:06:09 INFO  edu.bu.met.cs665.retailer.DeliveryRequest - notify driver:789
2024-02-16 17:06:09 INFO  edu.bu.met.cs665.driver.TaxiDriver - Driver:789 receive a new delivery request:
retailer1 wants to delivery a "keyboard" from "02141, Cambridge, MA" to "999, Boston, MA" with "19.990000"$.

2024-02-16 17:06:11 INFO  edu.bu.met.cs665.retailer.DeliveryRequest - notify driver:123
2024-02-16 17:06:11 INFO  edu.bu.met.cs665.driver.TaxiDriver - Driver:123 receive a new delivery request:
retailer1 wants to delivery a "keyboard" from "02141, Cambridge, MA" to "999, Boston, MA" with "19.990000"$.

2024-02-16 17:06:11 INFO  edu.bu.met.cs665.retailer.DeliveryRequest - notify driver:456
2024-02-16 17:06:11 INFO  edu.bu.met.cs665.driver.TaxiDriver - Driver:456 receive a new delivery request:
retailer1 wants to delivery a "keyboard" from "02141, Cambridge, MA" to "999, Boston, MA" with "19.990000"$.

2024-02-16 17:06:11 INFO  edu.bu.met.cs665.retailer.DeliveryRequest - notify driver:789
2024-02-16 17:06:11 INFO  edu.bu.met.cs665.driver.TaxiDriver - Driver:789 receive a new delivery request:
retailer1 wants to delivery a "keyboard" from "02141, Cambridge, MA" to "999, Boston, MA" with "19.990000"$.

2024-02-16 17:06:11 INFO  edu.bu.met.cs665.retailer.DeliveryRequest - notify driver:123
2024-02-16 17:06:11 INFO  edu.bu.met.cs665.driver.TaxiDriver - Driver:123 receive a new delivery request:
retailer1 wants to delivery a "keyboard" from "02141, Cambridge, MA" to "444, Boston, MA" with "25.880000"$.

2024-02-16 17:06:11 INFO  edu.bu.met.cs665.retailer.DeliveryRequest - notify driver:789
2024-02-16 17:06:11 INFO  edu.bu.met.cs665.driver.TaxiDriver - Driver:789 receive a new delivery request:
retailer1 wants to delivery a "keyboard" from "02141, Cambridge, MA" to "444, Boston, MA" with "25.880000"$.

2024-02-16 17:09:58 INFO  edu.bu.met.cs665.retailer.DeliveryRequest - notify driver:d123
2024-02-16 17:09:58 INFO  edu.bu.met.cs665.driver.TaxiDriver - Driver:d123 receive a new delivery request:
retailer1 wants to delivery a "keyboard" from "02141, Cambridge, MA" to "999, Boston, MA" with "19.990000"$.

2024-02-16 17:09:58 INFO  edu.bu.met.cs665.retailer.DeliveryRequest - notify driver:f123
2024-02-16 17:09:58 INFO  edu.bu.met.cs665.driver.FreelanceVan - Driver:f123 receive a new delivery request:
retailer1 wants to delivery a "keyboard" from "02141, Cambridge, MA" to "999, Boston, MA" with "19.990000"$.

2024-02-16 17:09:58 INFO  edu.bu.met.cs665.retailer.DeliveryRequest - notify driver:d789
2024-02-16 17:09:58 INFO  edu.bu.met.cs665.driver.TaxiDriver - Driver:d789 receive a new delivery request:
retailer1 wants to delivery a "keyboard" from "02141, Cambridge, MA" to "999, Boston, MA" with "19.990000"$.

2024-02-16 17:09:58 INFO  edu.bu.met.cs665.retailer.DeliveryRequest - notify driver:d456
2024-02-16 17:09:58 INFO  edu.bu.met.cs665.driver.TaxiDriver - Driver:d456 receive a new delivery request:
retailer1 wants to delivery a "keyboard" from "02141, Cambridge, MA" to "999, Boston, MA" with "19.990000"$.

2024-02-16 17:10:08 INFO  edu.bu.met.cs665.retailer.DeliveryRequest - current driver license has been registered!!
2024-02-16 17:10:08 INFO  edu.bu.met.cs665.retailer.DeliveryRequest - notify driver:d123
2024-02-16 17:10:08 INFO  edu.bu.met.cs665.driver.TaxiDriver - Driver:d123 receive a new delivery request:
retailer1 wants to delivery a "keyboard" from "02141, Cambridge, MA" to "999, Boston, MA" with "19.990000"$.

2024-02-16 17:10:08 INFO  edu.bu.met.cs665.retailer.DeliveryRequest - notify driver:d789
2024-02-16 17:10:08 INFO  edu.bu.met.cs665.driver.TaxiDriver - Driver:d789 receive a new delivery request:
retailer1 wants to delivery a "keyboard" from "02141, Cambridge, MA" to "999, Boston, MA" with "19.990000"$.

2024-02-16 17:10:08 INFO  edu.bu.met.cs665.retailer.DeliveryRequest - notify driver:d456
2024-02-16 17:10:08 INFO  edu.bu.met.cs665.driver.TaxiDriver - Driver:d456 receive a new delivery request:
retailer1 wants to delivery a "keyboard" from "02141, Cambridge, MA" to "999, Boston, MA" with "19.990000"$.

2024-02-16 17:10:21 INFO  edu.bu.met.cs665.retailer.DeliveryRequest - current driver license has been registered!!
2024-02-16 17:10:21 INFO  edu.bu.met.cs665.retailer.DeliveryRequest - notify driver:d123
2024-02-16 17:10:21 INFO  edu.bu.met.cs665.driver.TaxiDriver - Driver:d123 receive a new delivery request:
retailer1 wants to delivery a "keyboard" from "02141, Cambridge, MA" to "999, Boston, MA" with "19.990000"$.

2024-02-16 17:10:39 INFO  edu.bu.met.cs665.retailer.DeliveryRequest - current driver license has been registered!! skip this.
2024-02-16 17:10:39 INFO  edu.bu.met.cs665.retailer.DeliveryRequest - notify driver:d123
2024-02-16 17:10:39 INFO  edu.bu.met.cs665.driver.TaxiDriver - Driver:d123 receive a new delivery request:
retailer1 wants to delivery a "keyboard" from "02141, Cambridge, MA" to "999, Boston, MA" with "19.990000"$.

2024-02-16 17:10:46 INFO  edu.bu.met.cs665.retailer.DeliveryRequest - current driver license has been registered!!
 skip this.
2024-02-16 17:10:46 INFO  edu.bu.met.cs665.retailer.DeliveryRequest - notify driver:d123
2024-02-16 17:10:46 INFO  edu.bu.met.cs665.driver.TaxiDriver - Driver:d123 receive a new delivery request:
retailer1 wants to delivery a "keyboard" from "02141, Cambridge, MA" to "999, Boston, MA" with "19.990000"$.

2024-02-16 17:18:04 INFO  edu.bu.met.cs665.retailer.DeliveryRequest - notify driver:d123
2024-02-16 17:18:04 INFO  edu.bu.met.cs665.driver.TaxiDriver - Driver:d123 receive a new delivery request:
retailer1 wants to delivery a "keyboard" from "02141, Cambridge, MA" to "999, Boston, MA" with "19.990000"$.

2024-02-16 17:18:04 INFO  edu.bu.met.cs665.retailer.DeliveryRequest - notify driver:d789
2024-02-16 17:18:04 INFO  edu.bu.met.cs665.driver.TaxiDriver - Driver:d789 receive a new delivery request:
retailer1 wants to delivery a "keyboard" from "02141, Cambridge, MA" to "999, Boston, MA" with "19.990000"$.

2024-02-16 17:18:04 INFO  edu.bu.met.cs665.retailer.DeliveryRequest - notify driver:d456
2024-02-16 17:18:04 INFO  edu.bu.met.cs665.driver.TaxiDriver - Driver:d456 receive a new delivery request:
retailer1 wants to delivery a "keyboard" from "02141, Cambridge, MA" to "999, Boston, MA" with "19.990000"$.

2024-02-16 17:18:04 INFO  edu.bu.met.cs665.retailer.DeliveryRequest - notify driver:f456
2024-02-16 17:18:04 INFO  edu.bu.met.cs665.driver.FreelanceVan - Driver:f456 receive a new delivery request:
retailer1 wants to delivery a "keyboard" from "02141, Cambridge, MA" to "999, Boston, MA" with "19.990000"$.

2024-02-16 17:18:04 INFO  edu.bu.met.cs665.retailer.DeliveryRequest - notify driver:f123
2024-02-16 17:18:04 INFO  edu.bu.met.cs665.driver.FreelanceVan - Driver:f123 receive a new delivery request:
retailer1 wants to delivery a "keyboard" from "02141, Cambridge, MA" to "999, Boston, MA" with "19.990000"$.

2024-02-16 17:18:04 INFO  edu.bu.met.cs665.retailer.DeliveryRequest - notify driver:f789
2024-02-16 17:18:04 INFO  edu.bu.met.cs665.driver.FreelanceVan - Driver:f789 receive a new delivery request:
retailer1 wants to delivery a "keyboard" from "02141, Cambridge, MA" to "999, Boston, MA" with "19.990000"$.

2024-02-16 17:50:04 INFO  edu.bu.met.cs665.retailer.DeliveryRequest - notify driver:123
2024-02-16 17:50:04 INFO  edu.bu.met.cs665.driver.TaxiDriver - Driver:123 receive a new delivery request:
retailer1 wants to delivery a "keyboard" from "02141, Cambridge, MA" to "999, Boston, MA" with "19.990000"$.

2024-02-16 17:50:04 INFO  edu.bu.met.cs665.retailer.DeliveryRequest - notify driver:456
2024-02-16 17:50:04 INFO  edu.bu.met.cs665.driver.TaxiDriver - Driver:456 receive a new delivery request:
retailer1 wants to delivery a "keyboard" from "02141, Cambridge, MA" to "999, Boston, MA" with "19.990000"$.

2024-02-16 17:50:04 INFO  edu.bu.met.cs665.retailer.DeliveryRequest - notify driver:789
2024-02-16 17:50:04 INFO  edu.bu.met.cs665.driver.TaxiDriver - Driver:789 receive a new delivery request:
retailer1 wants to delivery a "keyboard" from "02141, Cambridge, MA" to "999, Boston, MA" with "19.990000"$.

2024-02-16 18:03:56 INFO  edu.bu.met.cs665.retailer.DeliveryRequest - notify driver:123
2024-02-16 18:03:56 INFO  edu.bu.met.cs665.driver.TaxiDriver - Driver:123 receive a new delivery request:
retailer1 wants to delivery a "keyboard" from "02141, Cambridge, MA" to "999, Boston, MA" with "19.990000"$.

2024-02-16 18:03:56 INFO  edu.bu.met.cs665.retailer.DeliveryRequest - notify driver:456
2024-02-16 18:03:56 INFO  edu.bu.met.cs665.driver.TaxiDriver - Driver:456 receive a new delivery request:
retailer1 wants to delivery a "keyboard" from "02141, Cambridge, MA" to "999, Boston, MA" with "19.990000"$.

2024-02-16 18:03:56 INFO  edu.bu.met.cs665.retailer.DeliveryRequest - notify driver:789
2024-02-16 18:03:56 INFO  edu.bu.met.cs665.driver.TaxiDriver - Driver:789 receive a new delivery request:
retailer1 wants to delivery a "keyboard" from "02141, Cambridge, MA" to "999, Boston, MA" with "19.990000"$.

2024-02-16 18:03:56 INFO  edu.bu.met.cs665.retailer.DeliveryRequest - notify driver:123
2024-02-16 18:03:56 INFO  edu.bu.met.cs665.driver.TaxiDriver - Driver:123 receive a new delivery request:
retailer1 wants to delivery a "keyboard" from "02141, Cambridge, MA" to "444, Boston, MA" with "25.880000"$.

2024-02-16 18:03:56 INFO  edu.bu.met.cs665.retailer.DeliveryRequest - notify driver:789
2024-02-16 18:03:56 INFO  edu.bu.met.cs665.driver.TaxiDriver - Driver:789 receive a new delivery request:
retailer1 wants to delivery a "keyboard" from "02141, Cambridge, MA" to "444, Boston, MA" with "25.880000"$.

2024-02-16 18:04:08 INFO  edu.bu.met.cs665.retailer.DeliveryRequest - current driver license has been registered!!
 skip this.
2024-02-16 18:04:08 INFO  edu.bu.met.cs665.retailer.DeliveryRequest - notify driver:d123
2024-02-16 18:04:08 INFO  edu.bu.met.cs665.driver.TaxiDriver - Driver:d123 receive a new delivery request:
retailer1 wants to delivery a "keyboard" from "02141, Cambridge, MA" to "999, Boston, MA" with "19.990000"$.

2024-02-16 18:04:15 INFO  edu.bu.met.cs665.retailer.DeliveryRequest - notify driver:d123
2024-02-16 18:04:15 INFO  edu.bu.met.cs665.driver.TaxiDriver - Driver:d123 receive a new delivery request:
retailer1 wants to delivery a "keyboard" from "02141, Cambridge, MA" to "999, Boston, MA" with "19.990000"$.

2024-02-16 18:04:15 INFO  edu.bu.met.cs665.retailer.DeliveryRequest - notify driver:d789
2024-02-16 18:04:15 INFO  edu.bu.met.cs665.driver.TaxiDriver - Driver:d789 receive a new delivery request:
retailer1 wants to delivery a "keyboard" from "02141, Cambridge, MA" to "999, Boston, MA" with "19.990000"$.

2024-02-16 18:04:15 INFO  edu.bu.met.cs665.retailer.DeliveryRequest - notify driver:d456
2024-02-16 18:04:15 INFO  edu.bu.met.cs665.driver.TaxiDriver - Driver:d456 receive a new delivery request:
retailer1 wants to delivery a "keyboard" from "02141, Cambridge, MA" to "999, Boston, MA" with "19.990000"$.

2024-02-16 18:04:15 INFO  edu.bu.met.cs665.retailer.DeliveryRequest - notify driver:f456
2024-02-16 18:04:15 INFO  edu.bu.met.cs665.driver.FreelanceVan - Driver:f456 receive a new delivery request:
retailer1 wants to delivery a "keyboard" from "02141, Cambridge, MA" to "999, Boston, MA" with "19.990000"$.

2024-02-16 18:04:15 INFO  edu.bu.met.cs665.retailer.DeliveryRequest - notify driver:f123
2024-02-16 18:04:15 INFO  edu.bu.met.cs665.driver.FreelanceVan - Driver:f123 receive a new delivery request:
retailer1 wants to delivery a "keyboard" from "02141, Cambridge, MA" to "999, Boston, MA" with "19.990000"$.

2024-02-16 18:04:15 INFO  edu.bu.met.cs665.retailer.DeliveryRequest - notify driver:f789
2024-02-16 18:04:15 INFO  edu.bu.met.cs665.driver.FreelanceVan - Driver:f789 receive a new delivery request:
retailer1 wants to delivery a "keyboard" from "02141, Cambridge, MA" to "999, Boston, MA" with "19.990000"$.

2024-02-16 18:08:37 INFO  edu.bu.met.cs665.retailer.DeliveryRequest - notify driver:123
2024-02-16 18:08:37 INFO  edu.bu.met.cs665.driver.TaxiDriver - Driver:123 receive a new delivery request:
retailer1 wants to delivery a "keyboard" from "02141, Cambridge, MA" to "999, Boston, MA" with "19.990000"$.

2024-02-16 18:08:37 INFO  edu.bu.met.cs665.retailer.DeliveryRequest - notify driver:456
2024-02-16 18:08:37 INFO  edu.bu.met.cs665.driver.TaxiDriver - Driver:456 receive a new delivery request:
retailer1 wants to delivery a "keyboard" from "02141, Cambridge, MA" to "999, Boston, MA" with "19.990000"$.

2024-02-16 18:08:37 INFO  edu.bu.met.cs665.retailer.DeliveryRequest - notify driver:789
2024-02-16 18:08:37 INFO  edu.bu.met.cs665.driver.TaxiDriver - Driver:789 receive a new delivery request:
retailer1 wants to delivery a "keyboard" from "02141, Cambridge, MA" to "999, Boston, MA" with "19.990000"$.

2024-02-16 18:08:37 INFO  edu.bu.met.cs665.retailer.DeliveryRequest - notify driver:123
2024-02-16 18:08:37 INFO  edu.bu.met.cs665.driver.TaxiDriver - Driver:123 receive a new delivery request:
retailer1 wants to delivery a "keyboard" from "02141, Cambridge, MA" to "444, Boston, MA" with "25.880000"$.

2024-02-16 18:08:37 INFO  edu.bu.met.cs665.retailer.DeliveryRequest - notify driver:789
2024-02-16 18:08:37 INFO  edu.bu.met.cs665.driver.TaxiDriver - Driver:789 receive a new delivery request:
retailer1 wants to delivery a "keyboard" from "02141, Cambridge, MA" to "444, Boston, MA" with "25.880000"$.

2024-02-16 18:08:37 INFO  edu.bu.met.cs665.retailer.DeliveryRequest - current driver license has been registered!!
 skip this.
2024-02-16 18:08:37 INFO  edu.bu.met.cs665.retailer.DeliveryRequest - notify driver:d123
2024-02-16 18:08:37 INFO  edu.bu.met.cs665.driver.TaxiDriver - Driver:d123 receive a new delivery request:
retailer1 wants to delivery a "keyboard" from "02141, Cambridge, MA" to "999, Boston, MA" with "19.990000"$.

2024-02-16 18:08:37 INFO  edu.bu.met.cs665.retailer.DeliveryRequest - notify driver:d123
2024-02-16 18:08:37 INFO  edu.bu.met.cs665.driver.TaxiDriver - Driver:d123 receive a new delivery request:
retailer1 wants to delivery a "keyboard" from "02141, Cambridge, MA" to "999, Boston, MA" with "19.990000"$.

2024-02-16 18:08:37 INFO  edu.bu.met.cs665.retailer.DeliveryRequest - notify driver:d789
2024-02-16 18:08:37 INFO  edu.bu.met.cs665.driver.TaxiDriver - Driver:d789 receive a new delivery request:
retailer1 wants to delivery a "keyboard" from "02141, Cambridge, MA" to "999, Boston, MA" with "19.990000"$.

2024-02-16 18:08:37 INFO  edu.bu.met.cs665.retailer.DeliveryRequest - notify driver:d456
2024-02-16 18:08:37 INFO  edu.bu.met.cs665.driver.TaxiDriver - Driver:d456 receive a new delivery request:
retailer1 wants to delivery a "keyboard" from "02141, Cambridge, MA" to "999, Boston, MA" with "19.990000"$.

2024-02-16 18:08:37 INFO  edu.bu.met.cs665.retailer.DeliveryRequest - notify driver:f456
2024-02-16 18:08:37 INFO  edu.bu.met.cs665.driver.FreelanceVan - Driver:f456 receive a new delivery request:
retailer1 wants to delivery a "keyboard" from "02141, Cambridge, MA" to "999, Boston, MA" with "19.990000"$.

2024-02-16 18:08:37 INFO  edu.bu.met.cs665.retailer.DeliveryRequest - notify driver:f123
2024-02-16 18:08:37 INFO  edu.bu.met.cs665.driver.FreelanceVan - Driver:f123 receive a new delivery request:
retailer1 wants to delivery a "keyboard" from "02141, Cambridge, MA" to "999, Boston, MA" with "19.990000"$.

2024-02-16 18:08:37 INFO  edu.bu.met.cs665.retailer.DeliveryRequest - notify driver:f789
2024-02-16 18:08:37 INFO  edu.bu.met.cs665.driver.FreelanceVan - Driver:f789 receive a new delivery request:
retailer1 wants to delivery a "keyboard" from "02141, Cambridge, MA" to "999, Boston, MA" with "19.990000"$.

2024-02-16 18:08:37 INFO  edu.bu.met.cs665.retailer.DeliveryRequest - notify driver:123
2024-02-16 18:08:37 INFO  edu.bu.met.cs665.driver.TaxiDriver - Driver:123 receive a new delivery request:
retailer1 wants to delivery a "keyboard" from "02141, Cambridge, MA" to "999, Boston, MA" with "19.990000"$.

2024-02-16 18:08:37 INFO  edu.bu.met.cs665.retailer.DeliveryRequest - notify driver:456
2024-02-16 18:08:37 INFO  edu.bu.met.cs665.driver.TaxiDriver - Driver:456 receive a new delivery request:
retailer1 wants to delivery a "keyboard" from "02141, Cambridge, MA" to "999, Boston, MA" with "19.990000"$.

2024-02-16 18:08:37 INFO  edu.bu.met.cs665.retailer.DeliveryRequest - notify driver:789
2024-02-16 18:08:37 INFO  edu.bu.met.cs665.driver.TaxiDriver - Driver:789 receive a new delivery request:
retailer1 wants to delivery a "keyboard" from "02141, Cambridge, MA" to "999, Boston, MA" with "19.990000"$.

2024-02-16 18:30:37 INFO  edu.bu.met.cs665.retailer.DeliveryRequest - notify driver:111
2024-02-16 18:30:37 INFO  edu.bu.met.cs665.driver.TaxiDriver - Driver:111 receive a new delivery request:
retailer1 wants to delivery a "keyboard" from "02141, Cambridge, MA" to "999, Boston, MA" with "19.990000"$.

2024-02-16 18:30:37 INFO  edu.bu.met.cs665.retailer.DeliveryRequest - notify driver:123
2024-02-16 18:30:37 INFO  edu.bu.met.cs665.driver.TaxiDriver - Driver:123 receive a new delivery request:
retailer1 wants to delivery a "keyboard" from "02141, Cambridge, MA" to "999, Boston, MA" with "19.990000"$.

2024-02-16 18:30:37 INFO  edu.bu.met.cs665.retailer.DeliveryRequest - notify driver:222
2024-02-16 18:30:37 INFO  edu.bu.met.cs665.driver.TaxiDriver - Driver:222 receive a new delivery request:
retailer1 wants to delivery a "keyboard" from "02141, Cambridge, MA" to "999, Boston, MA" with "19.990000"$.

2024-02-16 18:30:37 INFO  edu.bu.met.cs665.retailer.DeliveryRequest - notify driver:333
2024-02-16 18:30:37 INFO  edu.bu.met.cs665.driver.TaxiDriver - Driver:333 receive a new delivery request:
retailer1 wants to delivery a "keyboard" from "02141, Cambridge, MA" to "999, Boston, MA" with "19.990000"$.

2024-02-16 18:30:37 INFO  edu.bu.met.cs665.retailer.DeliveryRequest - notify driver:456
2024-02-16 18:30:37 INFO  edu.bu.met.cs665.driver.TaxiDriver - Driver:456 receive a new delivery request:
retailer1 wants to delivery a "keyboard" from "02141, Cambridge, MA" to "999, Boston, MA" with "19.990000"$.

2024-02-16 18:30:37 INFO  edu.bu.met.cs665.retailer.DeliveryRequest - notify driver:789
2024-02-16 18:30:37 INFO  edu.bu.met.cs665.driver.TaxiDriver - Driver:789 receive a new delivery request:
retailer1 wants to delivery a "keyboard" from "02141, Cambridge, MA" to "999, Boston, MA" with "19.990000"$.

2024-02-16 18:31:17 INFO  edu.bu.met.cs665.retailer.DeliveryRequest - notify driver:123
2024-02-16 18:31:17 INFO  edu.bu.met.cs665.driver.TaxiDriver - Driver:123 receive a new delivery request:
retailer1 wants to delivery a "keyboard" from "02141, Cambridge, MA" to "999, Boston, MA" with "19.990000"$.

2024-02-16 18:31:17 INFO  edu.bu.met.cs665.retailer.DeliveryRequest - notify driver:456
2024-02-16 18:31:17 INFO  edu.bu.met.cs665.driver.TaxiDriver - Driver:456 receive a new delivery request:
retailer1 wants to delivery a "keyboard" from "02141, Cambridge, MA" to "999, Boston, MA" with "19.990000"$.

2024-02-16 18:31:17 INFO  edu.bu.met.cs665.retailer.DeliveryRequest - notify driver:789
2024-02-16 18:31:17 INFO  edu.bu.met.cs665.driver.TaxiDriver - Driver:789 receive a new delivery request:
retailer1 wants to delivery a "keyboard" from "02141, Cambridge, MA" to "999, Boston, MA" with "19.990000"$.

2024-02-16 18:31:17 INFO  edu.bu.met.cs665.retailer.DeliveryRequest - notify driver:123
2024-02-16 18:31:17 INFO  edu.bu.met.cs665.driver.TaxiDriver - Driver:123 receive a new delivery request:
retailer1 wants to delivery a "keyboard" from "02141, Cambridge, MA" to "444, Boston, MA" with "25.880000"$.

2024-02-16 18:31:17 INFO  edu.bu.met.cs665.retailer.DeliveryRequest - notify driver:789
2024-02-16 18:31:17 INFO  edu.bu.met.cs665.driver.TaxiDriver - Driver:789 receive a new delivery request:
retailer1 wants to delivery a "keyboard" from "02141, Cambridge, MA" to "444, Boston, MA" with "25.880000"$.

2024-02-16 18:31:17 INFO  edu.bu.met.cs665.retailer.DeliveryRequest - current driver license has been registered!!
 skip this.
2024-02-16 18:31:17 INFO  edu.bu.met.cs665.retailer.DeliveryRequest - notify driver:d123
2024-02-16 18:31:17 INFO  edu.bu.met.cs665.driver.TaxiDriver - Driver:d123 receive a new delivery request:
retailer1 wants to delivery a "keyboard" from "02141, Cambridge, MA" to "999, Boston, MA" with "19.990000"$.

2024-02-16 18:31:17 INFO  edu.bu.met.cs665.retailer.DeliveryRequest - notify driver:d123
2024-02-16 18:31:17 INFO  edu.bu.met.cs665.driver.TaxiDriver - Driver:d123 receive a new delivery request:
retailer1 wants to delivery a "keyboard" from "02141, Cambridge, MA" to "999, Boston, MA" with "19.990000"$.

2024-02-16 18:31:17 INFO  edu.bu.met.cs665.retailer.DeliveryRequest - notify driver:d789
2024-02-16 18:31:17 INFO  edu.bu.met.cs665.driver.TaxiDriver - Driver:d789 receive a new delivery request:
retailer1 wants to delivery a "keyboard" from "02141, Cambridge, MA" to "999, Boston, MA" with "19.990000"$.

2024-02-16 18:31:17 INFO  edu.bu.met.cs665.retailer.DeliveryRequest - notify driver:d456
2024-02-16 18:31:17 INFO  edu.bu.met.cs665.driver.TaxiDriver - Driver:d456 receive a new delivery request:
retailer1 wants to delivery a "keyboard" from "02141, Cambridge, MA" to "999, Boston, MA" with "19.990000"$.

2024-02-16 18:31:17 INFO  edu.bu.met.cs665.retailer.DeliveryRequest - notify driver:f456
2024-02-16 18:31:17 INFO  edu.bu.met.cs665.driver.FreelanceVan - Driver:f456 receive a new delivery request:
retailer1 wants to delivery a "keyboard" from "02141, Cambridge, MA" to "999, Boston, MA" with "19.990000"$.

2024-02-16 18:31:17 INFO  edu.bu.met.cs665.retailer.DeliveryRequest - notify driver:f123
2024-02-16 18:31:17 INFO  edu.bu.met.cs665.driver.FreelanceVan - Driver:f123 receive a new delivery request:
retailer1 wants to delivery a "keyboard" from "02141, Cambridge, MA" to "999, Boston, MA" with "19.990000"$.

2024-02-16 18:31:17 INFO  edu.bu.met.cs665.retailer.DeliveryRequest - notify driver:f789
2024-02-16 18:31:17 INFO  edu.bu.met.cs665.driver.FreelanceVan - Driver:f789 receive a new delivery request:
retailer1 wants to delivery a "keyboard" from "02141, Cambridge, MA" to "999, Boston, MA" with "19.990000"$.

2024-02-16 18:31:17 INFO  edu.bu.met.cs665.retailer.DeliveryRequest - notify driver:111
2024-02-16 18:31:17 INFO  edu.bu.met.cs665.driver.TaxiDriver - Driver:111 receive a new delivery request:
retailer1 wants to delivery a "keyboard" from "02141, Cambridge, MA" to "999, Boston, MA" with "19.990000"$.

2024-02-16 18:31:17 INFO  edu.bu.met.cs665.retailer.DeliveryRequest - notify driver:123
2024-02-16 18:31:17 INFO  edu.bu.met.cs665.driver.TaxiDriver - Driver:123 receive a new delivery request:
retailer1 wants to delivery a "keyboard" from "02141, Cambridge, MA" to "999, Boston, MA" with "19.990000"$.

2024-02-16 18:31:17 INFO  edu.bu.met.cs665.retailer.DeliveryRequest - notify driver:222
2024-02-16 18:31:17 INFO  edu.bu.met.cs665.driver.TaxiDriver - Driver:222 receive a new delivery request:
retailer1 wants to delivery a "keyboard" from "02141, Cambridge, MA" to "999, Boston, MA" with "19.990000"$.

2024-02-16 18:31:17 INFO  edu.bu.met.cs665.retailer.DeliveryRequest - notify driver:333
2024-02-16 18:31:17 INFO  edu.bu.met.cs665.driver.TaxiDriver - Driver:333 receive a new delivery request:
retailer1 wants to delivery a "keyboard" from "02141, Cambridge, MA" to "999, Boston, MA" with "19.990000"$.

2024-02-16 18:31:17 INFO  edu.bu.met.cs665.retailer.DeliveryRequest - notify driver:456
2024-02-16 18:31:17 INFO  edu.bu.met.cs665.driver.TaxiDriver - Driver:456 receive a new delivery request:
retailer1 wants to delivery a "keyboard" from "02141, Cambridge, MA" to "999, Boston, MA" with "19.990000"$.

2024-02-16 18:31:17 INFO  edu.bu.met.cs665.retailer.DeliveryRequest - notify driver:789
2024-02-16 18:31:17 INFO  edu.bu.met.cs665.driver.TaxiDriver - Driver:789 receive a new delivery request:
retailer1 wants to delivery a "keyboard" from "02141, Cambridge, MA" to "999, Boston, MA" with "19.990000"$.

2024-02-16 18:33:30 INFO  edu.bu.met.cs665.retailer.DeliveryRequest - notify driver:123
2024-02-16 18:33:30 INFO  edu.bu.met.cs665.driver.TaxiDriver - Driver:123 receive a new delivery request:
retailer1 wants to delivery a "keyboard" from "02141, Cambridge, MA" to "999, Boston, MA" with "19.990000"$.

2024-02-16 18:33:30 INFO  edu.bu.met.cs665.retailer.DeliveryRequest - notify driver:456
2024-02-16 18:33:30 INFO  edu.bu.met.cs665.driver.TaxiDriver - Driver:456 receive a new delivery request:
retailer1 wants to delivery a "keyboard" from "02141, Cambridge, MA" to "999, Boston, MA" with "19.990000"$.

2024-02-16 18:33:30 INFO  edu.bu.met.cs665.retailer.DeliveryRequest - notify driver:789
2024-02-16 18:33:30 INFO  edu.bu.met.cs665.driver.TaxiDriver - Driver:789 receive a new delivery request:
retailer1 wants to delivery a "keyboard" from "02141, Cambridge, MA" to "999, Boston, MA" with "19.990000"$.

2024-02-16 18:33:30 INFO  edu.bu.met.cs665.retailer.DeliveryRequest - notify driver:123
2024-02-16 18:33:30 INFO  edu.bu.met.cs665.driver.TaxiDriver - Driver:123 receive a new delivery request:
retailer1 wants to delivery a "keyboard" from "02141, Cambridge, MA" to "444, Boston, MA" with "25.880000"$.

2024-02-16 18:33:30 INFO  edu.bu.met.cs665.retailer.DeliveryRequest - notify driver:789
2024-02-16 18:33:30 INFO  edu.bu.met.cs665.driver.TaxiDriver - Driver:789 receive a new delivery request:
retailer1 wants to delivery a "keyboard" from "02141, Cambridge, MA" to "444, Boston, MA" with "25.880000"$.

2024-02-16 18:33:30 INFO  edu.bu.met.cs665.retailer.DeliveryRequest - current driver license has been registered!!
 skip this.
2024-02-16 18:33:30 INFO  edu.bu.met.cs665.retailer.DeliveryRequest - notify driver:d123
2024-02-16 18:33:30 INFO  edu.bu.met.cs665.driver.TaxiDriver - Driver:d123 receive a new delivery request:
retailer1 wants to delivery a "keyboard" from "02141, Cambridge, MA" to "999, Boston, MA" with "19.990000"$.

2024-02-16 18:33:30 INFO  edu.bu.met.cs665.retailer.DeliveryRequest - notify driver:d123
2024-02-16 18:33:30 INFO  edu.bu.met.cs665.driver.TaxiDriver - Driver:d123 receive a new delivery request:
retailer1 wants to delivery a "keyboard" from "02141, Cambridge, MA" to "999, Boston, MA" with "19.990000"$.

2024-02-16 18:33:30 INFO  edu.bu.met.cs665.retailer.DeliveryRequest - notify driver:d789
2024-02-16 18:33:30 INFO  edu.bu.met.cs665.driver.TaxiDriver - Driver:d789 receive a new delivery request:
retailer1 wants to delivery a "keyboard" from "02141, Cambridge, MA" to "999, Boston, MA" with "19.990000"$.

2024-02-16 18:33:30 INFO  edu.bu.met.cs665.retailer.DeliveryRequest - notify driver:d456
2024-02-16 18:33:30 INFO  edu.bu.met.cs665.driver.TaxiDriver - Driver:d456 receive a new delivery request:
retailer1 wants to delivery a "keyboard" from "02141, Cambridge, MA" to "999, Boston, MA" with "19.990000"$.

2024-02-16 18:33:30 INFO  edu.bu.met.cs665.retailer.DeliveryRequest - notify driver:f456
2024-02-16 18:33:30 INFO  edu.bu.met.cs665.driver.FreelanceVan - Driver:f456 receive a new delivery request:
retailer1 wants to delivery a "keyboard" from "02141, Cambridge, MA" to "999, Boston, MA" with "19.990000"$.

2024-02-16 18:33:30 INFO  edu.bu.met.cs665.retailer.DeliveryRequest - notify driver:f123
2024-02-16 18:33:30 INFO  edu.bu.met.cs665.driver.FreelanceVan - Driver:f123 receive a new delivery request:
retailer1 wants to delivery a "keyboard" from "02141, Cambridge, MA" to "999, Boston, MA" with "19.990000"$.

2024-02-16 18:33:30 INFO  edu.bu.met.cs665.retailer.DeliveryRequest - notify driver:f789
2024-02-16 18:33:30 INFO  edu.bu.met.cs665.driver.FreelanceVan - Driver:f789 receive a new delivery request:
retailer1 wants to delivery a "keyboard" from "02141, Cambridge, MA" to "999, Boston, MA" with "19.990000"$.

2024-02-16 18:33:30 INFO  edu.bu.met.cs665.retailer.DeliveryRequest - notify driver:111
2024-02-16 18:33:30 INFO  edu.bu.met.cs665.driver.TaxiDriver - Driver:111 receive a new delivery request:
retailer1 wants to delivery a "keyboard" from "02141, Cambridge, MA" to "999, Boston, MA" with "19.990000"$.

2024-02-16 18:33:30 INFO  edu.bu.met.cs665.retailer.DeliveryRequest - notify driver:123
2024-02-16 18:33:30 INFO  edu.bu.met.cs665.driver.TaxiDriver - Driver:123 receive a new delivery request:
retailer1 wants to delivery a "keyboard" from "02141, Cambridge, MA" to "999, Boston, MA" with "19.990000"$.

2024-02-16 18:33:30 INFO  edu.bu.met.cs665.retailer.DeliveryRequest - notify driver:222
2024-02-16 18:33:30 INFO  edu.bu.met.cs665.driver.TaxiDriver - Driver:222 receive a new delivery request:
retailer1 wants to delivery a "keyboard" from "02141, Cambridge, MA" to "999, Boston, MA" with "19.990000"$.

2024-02-16 18:33:30 INFO  edu.bu.met.cs665.retailer.DeliveryRequest - notify driver:333
2024-02-16 18:33:30 INFO  edu.bu.met.cs665.driver.TaxiDriver - Driver:333 receive a new delivery request:
retailer1 wants to delivery a "keyboard" from "02141, Cambridge, MA" to "999, Boston, MA" with "19.990000"$.

2024-02-16 18:33:30 INFO  edu.bu.met.cs665.retailer.DeliveryRequest - notify driver:456
2024-02-16 18:33:30 INFO  edu.bu.met.cs665.driver.TaxiDriver - Driver:456 receive a new delivery request:
retailer1 wants to delivery a "keyboard" from "02141, Cambridge, MA" to "999, Boston, MA" with "19.990000"$.

2024-02-16 18:33:30 INFO  edu.bu.met.cs665.retailer.DeliveryRequest - notify driver:789
2024-02-16 18:33:30 INFO  edu.bu.met.cs665.driver.TaxiDriver - Driver:789 receive a new delivery request:
retailer1 wants to delivery a "keyboard" from "02141, Cambridge, MA" to "999, Boston, MA" with "19.990000"$.

2024-02-16 18:39:58 INFO  edu.bu.met.cs665.retailer.DeliveryRequest - notify driver:123
2024-02-16 18:39:58 INFO  edu.bu.met.cs665.driver.TaxiDriver - Driver:123 receive a new delivery request:
retailer1 wants to delivery a "keyboard" from "02141, Cambridge, MA" to "999, Boston, MA" with "19.990000"$.

2024-02-16 18:39:58 INFO  edu.bu.met.cs665.retailer.DeliveryRequest - notify driver:456
2024-02-16 18:39:58 INFO  edu.bu.met.cs665.driver.TaxiDriver - Driver:456 receive a new delivery request:
retailer1 wants to delivery a "keyboard" from "02141, Cambridge, MA" to "999, Boston, MA" with "19.990000"$.

2024-02-16 18:39:58 INFO  edu.bu.met.cs665.retailer.DeliveryRequest - notify driver:789
2024-02-16 18:39:58 INFO  edu.bu.met.cs665.driver.TaxiDriver - Driver:789 receive a new delivery request:
retailer1 wants to delivery a "keyboard" from "02141, Cambridge, MA" to "999, Boston, MA" with "19.990000"$.

2024-02-16 18:39:58 INFO  edu.bu.met.cs665.retailer.DeliveryRequest - notify driver:123
2024-02-16 18:39:58 INFO  edu.bu.met.cs665.driver.TaxiDriver - Driver:123 receive a new delivery request:
retailer1 wants to delivery a "keyboard" from "02141, Cambridge, MA" to "444, Boston, MA" with "25.880000"$.

2024-02-16 18:39:58 INFO  edu.bu.met.cs665.retailer.DeliveryRequest - notify driver:789
2024-02-16 18:39:58 INFO  edu.bu.met.cs665.driver.TaxiDriver - Driver:789 receive a new delivery request:
retailer1 wants to delivery a "keyboard" from "02141, Cambridge, MA" to "444, Boston, MA" with "25.880000"$.

2024-02-16 18:39:58 INFO  edu.bu.met.cs665.retailer.DeliveryRequest - current driver license has been registered!!
 skip this.
2024-02-16 18:39:58 INFO  edu.bu.met.cs665.retailer.DeliveryRequest - notify driver:d123
2024-02-16 18:39:58 INFO  edu.bu.met.cs665.driver.TaxiDriver - Driver:d123 receive a new delivery request:
retailer1 wants to delivery a "keyboard" from "02141, Cambridge, MA" to "999, Boston, MA" with "19.990000"$.

2024-02-16 18:39:58 INFO  edu.bu.met.cs665.retailer.DeliveryRequest - notify driver:d123
2024-02-16 18:39:58 INFO  edu.bu.met.cs665.driver.TaxiDriver - Driver:d123 receive a new delivery request:
retailer1 wants to delivery a "keyboard" from "02141, Cambridge, MA" to "999, Boston, MA" with "19.990000"$.

2024-02-16 18:39:58 INFO  edu.bu.met.cs665.retailer.DeliveryRequest - notify driver:d789
2024-02-16 18:39:58 INFO  edu.bu.met.cs665.driver.TaxiDriver - Driver:d789 receive a new delivery request:
retailer1 wants to delivery a "keyboard" from "02141, Cambridge, MA" to "999, Boston, MA" with "19.990000"$.

2024-02-16 18:39:58 INFO  edu.bu.met.cs665.retailer.DeliveryRequest - notify driver:d456
2024-02-16 18:39:58 INFO  edu.bu.met.cs665.driver.TaxiDriver - Driver:d456 receive a new delivery request:
retailer1 wants to delivery a "keyboard" from "02141, Cambridge, MA" to "999, Boston, MA" with "19.990000"$.

2024-02-16 18:39:58 INFO  edu.bu.met.cs665.retailer.DeliveryRequest - notify driver:f456
2024-02-16 18:39:58 INFO  edu.bu.met.cs665.driver.FreelanceVan - Driver:f456 receive a new delivery request:
retailer1 wants to delivery a "keyboard" from "02141, Cambridge, MA" to "999, Boston, MA" with "19.990000"$.

2024-02-16 18:39:58 INFO  edu.bu.met.cs665.retailer.DeliveryRequest - notify driver:f123
2024-02-16 18:39:58 INFO  edu.bu.met.cs665.driver.FreelanceVan - Driver:f123 receive a new delivery request:
retailer1 wants to delivery a "keyboard" from "02141, Cambridge, MA" to "999, Boston, MA" with "19.990000"$.

2024-02-16 18:39:58 INFO  edu.bu.met.cs665.retailer.DeliveryRequest - notify driver:f789
2024-02-16 18:39:58 INFO  edu.bu.met.cs665.driver.FreelanceVan - Driver:f789 receive a new delivery request:
retailer1 wants to delivery a "keyboard" from "02141, Cambridge, MA" to "999, Boston, MA" with "19.990000"$.

2024-02-16 18:39:58 INFO  edu.bu.met.cs665.retailer.DeliveryRequest - notify driver:111
2024-02-16 18:39:58 INFO  edu.bu.met.cs665.driver.TaxiDriver - Driver:111 receive a new delivery request:
retailer1 wants to delivery a "keyboard" from "02141, Cambridge, MA" to "999, Boston, MA" with "19.990000"$.

2024-02-16 18:39:58 INFO  edu.bu.met.cs665.retailer.DeliveryRequest - notify driver:123
2024-02-16 18:39:58 INFO  edu.bu.met.cs665.driver.TaxiDriver - Driver:123 receive a new delivery request:
retailer1 wants to delivery a "keyboard" from "02141, Cambridge, MA" to "999, Boston, MA" with "19.990000"$.

2024-02-16 18:39:58 INFO  edu.bu.met.cs665.retailer.DeliveryRequest - notify driver:222
2024-02-16 18:39:58 INFO  edu.bu.met.cs665.driver.TaxiDriver - Driver:222 receive a new delivery request:
retailer1 wants to delivery a "keyboard" from "02141, Cambridge, MA" to "999, Boston, MA" with "19.990000"$.

2024-02-16 18:39:58 INFO  edu.bu.met.cs665.retailer.DeliveryRequest - notify driver:333
2024-02-16 18:39:58 INFO  edu.bu.met.cs665.driver.TaxiDriver - Driver:333 receive a new delivery request:
retailer1 wants to delivery a "keyboard" from "02141, Cambridge, MA" to "999, Boston, MA" with "19.990000"$.

2024-02-16 18:39:58 INFO  edu.bu.met.cs665.retailer.DeliveryRequest - notify driver:456
2024-02-16 18:39:58 INFO  edu.bu.met.cs665.driver.TaxiDriver - Driver:456 receive a new delivery request:
retailer1 wants to delivery a "keyboard" from "02141, Cambridge, MA" to "999, Boston, MA" with "19.990000"$.

2024-02-16 18:39:58 INFO  edu.bu.met.cs665.retailer.DeliveryRequest - notify driver:789
2024-02-16 18:39:58 INFO  edu.bu.met.cs665.driver.TaxiDriver - Driver:789 receive a new delivery request:
retailer1 wants to delivery a "keyboard" from "02141, Cambridge, MA" to "999, Boston, MA" with "19.990000"$.

2024-02-16 18:40:35 INFO  edu.bu.met.cs665.retailer.DeliveryRequest - notify driver:123
2024-02-16 18:40:35 INFO  edu.bu.met.cs665.driver.TaxiDriver - Driver:123 receive a new delivery request:
retailer1 wants to delivery a "keyboard" from "02141, Cambridge, MA" to "999, Boston, MA" with "19.990000"$.

2024-02-16 18:40:35 INFO  edu.bu.met.cs665.retailer.DeliveryRequest - notify driver:456
2024-02-16 18:40:35 INFO  edu.bu.met.cs665.driver.TaxiDriver - Driver:456 receive a new delivery request:
retailer1 wants to delivery a "keyboard" from "02141, Cambridge, MA" to "999, Boston, MA" with "19.990000"$.

2024-02-16 18:40:35 INFO  edu.bu.met.cs665.retailer.DeliveryRequest - notify driver:789
2024-02-16 18:40:35 INFO  edu.bu.met.cs665.driver.TaxiDriver - Driver:789 receive a new delivery request:
retailer1 wants to delivery a "keyboard" from "02141, Cambridge, MA" to "999, Boston, MA" with "19.990000"$.

2024-02-16 18:40:35 INFO  edu.bu.met.cs665.retailer.DeliveryRequest - notify driver:123
2024-02-16 18:40:35 INFO  edu.bu.met.cs665.driver.TaxiDriver - Driver:123 receive a new delivery request:
retailer1 wants to delivery a "keyboard" from "02141, Cambridge, MA" to "444, Boston, MA" with "25.880000"$.

2024-02-16 18:40:35 INFO  edu.bu.met.cs665.retailer.DeliveryRequest - notify driver:789
2024-02-16 18:40:35 INFO  edu.bu.met.cs665.driver.TaxiDriver - Driver:789 receive a new delivery request:
retailer1 wants to delivery a "keyboard" from "02141, Cambridge, MA" to "444, Boston, MA" with "25.880000"$.

2024-02-16 18:40:35 INFO  edu.bu.met.cs665.retailer.DeliveryRequest - current driver license has been registered!!
 skip this.
2024-02-16 18:40:35 INFO  edu.bu.met.cs665.retailer.DeliveryRequest - notify driver:d123
2024-02-16 18:40:35 INFO  edu.bu.met.cs665.driver.TaxiDriver - Driver:d123 receive a new delivery request:
retailer1 wants to delivery a "keyboard" from "02141, Cambridge, MA" to "999, Boston, MA" with "19.990000"$.

2024-02-16 18:40:35 INFO  edu.bu.met.cs665.retailer.DeliveryRequest - notify driver:d123
2024-02-16 18:40:35 INFO  edu.bu.met.cs665.driver.TaxiDriver - Driver:d123 receive a new delivery request:
retailer1 wants to delivery a "keyboard" from "02141, Cambridge, MA" to "999, Boston, MA" with "19.990000"$.

2024-02-16 18:40:35 INFO  edu.bu.met.cs665.retailer.DeliveryRequest - notify driver:d789
2024-02-16 18:40:35 INFO  edu.bu.met.cs665.driver.TaxiDriver - Driver:d789 receive a new delivery request:
retailer1 wants to delivery a "keyboard" from "02141, Cambridge, MA" to "999, Boston, MA" with "19.990000"$.

2024-02-16 18:40:35 INFO  edu.bu.met.cs665.retailer.DeliveryRequest - notify driver:d456
2024-02-16 18:40:35 INFO  edu.bu.met.cs665.driver.TaxiDriver - Driver:d456 receive a new delivery request:
retailer1 wants to delivery a "keyboard" from "02141, Cambridge, MA" to "999, Boston, MA" with "19.990000"$.

2024-02-16 18:40:35 INFO  edu.bu.met.cs665.retailer.DeliveryRequest - notify driver:f456
2024-02-16 18:40:35 INFO  edu.bu.met.cs665.driver.FreelanceVan - Driver:f456 receive a new delivery request:
retailer1 wants to delivery a "keyboard" from "02141, Cambridge, MA" to "999, Boston, MA" with "19.990000"$.

2024-02-16 18:40:35 INFO  edu.bu.met.cs665.retailer.DeliveryRequest - notify driver:f123
2024-02-16 18:40:35 INFO  edu.bu.met.cs665.driver.FreelanceVan - Driver:f123 receive a new delivery request:
retailer1 wants to delivery a "keyboard" from "02141, Cambridge, MA" to "999, Boston, MA" with "19.990000"$.

2024-02-16 18:40:35 INFO  edu.bu.met.cs665.retailer.DeliveryRequest - notify driver:f789
2024-02-16 18:40:35 INFO  edu.bu.met.cs665.driver.FreelanceVan - Driver:f789 receive a new delivery request:
retailer1 wants to delivery a "keyboard" from "02141, Cambridge, MA" to "999, Boston, MA" with "19.990000"$.

2024-02-16 18:40:35 INFO  edu.bu.met.cs665.retailer.DeliveryRequest - notify driver:111
2024-02-16 18:40:35 INFO  edu.bu.met.cs665.driver.TaxiDriver - Driver:111 receive a new delivery request:
retailer1 wants to delivery a "keyboard" from "02141, Cambridge, MA" to "999, Boston, MA" with "19.990000"$.

2024-02-16 18:40:35 INFO  edu.bu.met.cs665.retailer.DeliveryRequest - notify driver:123
2024-02-16 18:40:35 INFO  edu.bu.met.cs665.driver.TaxiDriver - Driver:123 receive a new delivery request:
retailer1 wants to delivery a "keyboard" from "02141, Cambridge, MA" to "999, Boston, MA" with "19.990000"$.

2024-02-16 18:40:35 INFO  edu.bu.met.cs665.retailer.DeliveryRequest - notify driver:222
2024-02-16 18:40:35 INFO  edu.bu.met.cs665.driver.TaxiDriver - Driver:222 receive a new delivery request:
retailer1 wants to delivery a "keyboard" from "02141, Cambridge, MA" to "999, Boston, MA" with "19.990000"$.

2024-02-16 18:40:35 INFO  edu.bu.met.cs665.retailer.DeliveryRequest - notify driver:333
2024-02-16 18:40:35 INFO  edu.bu.met.cs665.driver.TaxiDriver - Driver:333 receive a new delivery request:
retailer1 wants to delivery a "keyboard" from "02141, Cambridge, MA" to "999, Boston, MA" with "19.990000"$.

2024-02-16 18:40:35 INFO  edu.bu.met.cs665.retailer.DeliveryRequest - notify driver:456
2024-02-16 18:40:35 INFO  edu.bu.met.cs665.driver.TaxiDriver - Driver:456 receive a new delivery request:
retailer1 wants to delivery a "keyboard" from "02141, Cambridge, MA" to "999, Boston, MA" with "19.990000"$.

2024-02-16 18:40:35 INFO  edu.bu.met.cs665.retailer.DeliveryRequest - notify driver:789
2024-02-16 18:40:35 INFO  edu.bu.met.cs665.driver.TaxiDriver - Driver:789 receive a new delivery request:
retailer1 wants to delivery a "keyboard" from "02141, Cambridge, MA" to "999, Boston, MA" with "19.990000"$.

2024-02-16 18:45:38 INFO  edu.bu.met.cs665.retailer.DeliveryRequest - notify driver:123
2024-02-16 18:45:38 INFO  edu.bu.met.cs665.driver.TaxiDriver - Driver:123 receive a new delivery request:
retailer1 wants to delivery a "keyboard" from "02141, Cambridge, MA" to "999, Boston, MA" with "19.990000"$.

2024-02-16 18:45:38 INFO  edu.bu.met.cs665.retailer.DeliveryRequest - notify driver:456
2024-02-16 18:45:38 INFO  edu.bu.met.cs665.driver.TaxiDriver - Driver:456 receive a new delivery request:
retailer1 wants to delivery a "keyboard" from "02141, Cambridge, MA" to "999, Boston, MA" with "19.990000"$.

2024-02-16 18:45:38 INFO  edu.bu.met.cs665.retailer.DeliveryRequest - notify driver:789
2024-02-16 18:45:38 INFO  edu.bu.met.cs665.driver.TaxiDriver - Driver:789 receive a new delivery request:
retailer1 wants to delivery a "keyboard" from "02141, Cambridge, MA" to "999, Boston, MA" with "19.990000"$.

2024-02-16 18:45:38 INFO  edu.bu.met.cs665.retailer.DeliveryRequest - notify driver:123
2024-02-16 18:45:38 INFO  edu.bu.met.cs665.driver.TaxiDriver - Driver:123 receive a new delivery request:
retailer1 wants to delivery a "keyboard" from "02141, Cambridge, MA" to "444, Boston, MA" with "25.880000"$.

2024-02-16 18:45:38 INFO  edu.bu.met.cs665.retailer.DeliveryRequest - notify driver:789
2024-02-16 18:45:38 INFO  edu.bu.met.cs665.driver.TaxiDriver - Driver:789 receive a new delivery request:
retailer1 wants to delivery a "keyboard" from "02141, Cambridge, MA" to "444, Boston, MA" with "25.880000"$.

2024-02-16 18:45:38 INFO  edu.bu.met.cs665.retailer.DeliveryRequest - current driver license has been registered!!
 skip this.
2024-02-16 18:45:38 INFO  edu.bu.met.cs665.retailer.DeliveryRequest - notify driver:d123
2024-02-16 18:45:38 INFO  edu.bu.met.cs665.driver.TaxiDriver - Driver:d123 receive a new delivery request:
retailer1 wants to delivery a "keyboard" from "02141, Cambridge, MA" to "999, Boston, MA" with "19.990000"$.

2024-02-16 18:45:38 INFO  edu.bu.met.cs665.retailer.DeliveryRequest - notify driver:d123
2024-02-16 18:45:38 INFO  edu.bu.met.cs665.driver.TaxiDriver - Driver:d123 receive a new delivery request:
retailer1 wants to delivery a "keyboard" from "02141, Cambridge, MA" to "999, Boston, MA" with "19.990000"$.

2024-02-16 18:45:38 INFO  edu.bu.met.cs665.retailer.DeliveryRequest - notify driver:d789
2024-02-16 18:45:38 INFO  edu.bu.met.cs665.driver.TaxiDriver - Driver:d789 receive a new delivery request:
retailer1 wants to delivery a "keyboard" from "02141, Cambridge, MA" to "999, Boston, MA" with "19.990000"$.

2024-02-16 18:45:38 INFO  edu.bu.met.cs665.retailer.DeliveryRequest - notify driver:d456
2024-02-16 18:45:38 INFO  edu.bu.met.cs665.driver.TaxiDriver - Driver:d456 receive a new delivery request:
retailer1 wants to delivery a "keyboard" from "02141, Cambridge, MA" to "999, Boston, MA" with "19.990000"$.

2024-02-16 18:45:38 INFO  edu.bu.met.cs665.retailer.DeliveryRequest - notify driver:f456
2024-02-16 18:45:38 INFO  edu.bu.met.cs665.driver.FreelanceVan - Driver:f456 receive a new delivery request:
retailer1 wants to delivery a "keyboard" from "02141, Cambridge, MA" to "999, Boston, MA" with "19.990000"$.

2024-02-16 18:45:38 INFO  edu.bu.met.cs665.retailer.DeliveryRequest - notify driver:f123
2024-02-16 18:45:38 INFO  edu.bu.met.cs665.driver.FreelanceVan - Driver:f123 receive a new delivery request:
retailer1 wants to delivery a "keyboard" from "02141, Cambridge, MA" to "999, Boston, MA" with "19.990000"$.

2024-02-16 18:45:38 INFO  edu.bu.met.cs665.retailer.DeliveryRequest - notify driver:f789
2024-02-16 18:45:38 INFO  edu.bu.met.cs665.driver.FreelanceVan - Driver:f789 receive a new delivery request:
retailer1 wants to delivery a "keyboard" from "02141, Cambridge, MA" to "999, Boston, MA" with "19.990000"$.

2024-02-16 18:45:38 INFO  edu.bu.met.cs665.retailer.DeliveryRequest - notify driver:111
2024-02-16 18:45:38 INFO  edu.bu.met.cs665.driver.TaxiDriver - Driver:111 receive a new delivery request:
retailer1 wants to delivery a "keyboard" from "02141, Cambridge, MA" to "999, Boston, MA" with "19.990000"$.

2024-02-16 18:45:38 INFO  edu.bu.met.cs665.retailer.DeliveryRequest - notify driver:123
2024-02-16 18:45:38 INFO  edu.bu.met.cs665.driver.TaxiDriver - Driver:123 receive a new delivery request:
retailer1 wants to delivery a "keyboard" from "02141, Cambridge, MA" to "999, Boston, MA" with "19.990000"$.

2024-02-16 18:45:38 INFO  edu.bu.met.cs665.retailer.DeliveryRequest - notify driver:222
2024-02-16 18:45:38 INFO  edu.bu.met.cs665.driver.TaxiDriver - Driver:222 receive a new delivery request:
retailer1 wants to delivery a "keyboard" from "02141, Cambridge, MA" to "999, Boston, MA" with "19.990000"$.

2024-02-16 18:45:38 INFO  edu.bu.met.cs665.retailer.DeliveryRequest - notify driver:333
2024-02-16 18:45:38 INFO  edu.bu.met.cs665.driver.TaxiDriver - Driver:333 receive a new delivery request:
retailer1 wants to delivery a "keyboard" from "02141, Cambridge, MA" to "999, Boston, MA" with "19.990000"$.

2024-02-16 18:45:38 INFO  edu.bu.met.cs665.retailer.DeliveryRequest - notify driver:456
2024-02-16 18:45:38 INFO  edu.bu.met.cs665.driver.TaxiDriver - Driver:456 receive a new delivery request:
retailer1 wants to delivery a "keyboard" from "02141, Cambridge, MA" to "999, Boston, MA" with "19.990000"$.

2024-02-16 18:45:38 INFO  edu.bu.met.cs665.retailer.DeliveryRequest - notify driver:789
2024-02-16 18:45:38 INFO  edu.bu.met.cs665.driver.TaxiDriver - Driver:789 receive a new delivery request:
retailer1 wants to delivery a "keyboard" from "02141, Cambridge, MA" to "999, Boston, MA" with "19.990000"$.

2024-02-16 18:46:35 INFO  edu.bu.met.cs665.retailer.DeliveryRequest - notify driver:123
2024-02-16 18:46:35 INFO  edu.bu.met.cs665.driver.TaxiDriver - Driver:123 receive a new delivery request:
retailer1 wants to delivery a "keyboard" from "02141, Cambridge, MA" to "999, Boston, MA" with "19.990000"$.

2024-02-16 18:46:35 INFO  edu.bu.met.cs665.retailer.DeliveryRequest - notify driver:456
2024-02-16 18:46:35 INFO  edu.bu.met.cs665.driver.TaxiDriver - Driver:456 receive a new delivery request:
retailer1 wants to delivery a "keyboard" from "02141, Cambridge, MA" to "999, Boston, MA" with "19.990000"$.

2024-02-16 18:46:35 INFO  edu.bu.met.cs665.retailer.DeliveryRequest - notify driver:789
2024-02-16 18:46:35 INFO  edu.bu.met.cs665.driver.TaxiDriver - Driver:789 receive a new delivery request:
retailer1 wants to delivery a "keyboard" from "02141, Cambridge, MA" to "999, Boston, MA" with "19.990000"$.

2024-02-16 18:46:35 INFO  edu.bu.met.cs665.retailer.DeliveryRequest - notify driver:123
2024-02-16 18:46:35 INFO  edu.bu.met.cs665.driver.TaxiDriver - Driver:123 receive a new delivery request:
retailer1 wants to delivery a "keyboard" from "02141, Cambridge, MA" to "444, Boston, MA" with "25.880000"$.

2024-02-16 18:46:35 INFO  edu.bu.met.cs665.retailer.DeliveryRequest - notify driver:789
2024-02-16 18:46:35 INFO  edu.bu.met.cs665.driver.TaxiDriver - Driver:789 receive a new delivery request:
retailer1 wants to delivery a "keyboard" from "02141, Cambridge, MA" to "444, Boston, MA" with "25.880000"$.

2024-02-16 18:46:35 INFO  edu.bu.met.cs665.retailer.DeliveryRequest - current driver license has been registered!!
 skip this.
2024-02-16 18:46:35 INFO  edu.bu.met.cs665.retailer.DeliveryRequest - notify driver:d123
2024-02-16 18:46:35 INFO  edu.bu.met.cs665.driver.TaxiDriver - Driver:d123 receive a new delivery request:
retailer1 wants to delivery a "keyboard" from "02141, Cambridge, MA" to "999, Boston, MA" with "19.990000"$.

2024-02-16 18:46:35 INFO  edu.bu.met.cs665.retailer.DeliveryRequest - notify driver:d123
2024-02-16 18:46:35 INFO  edu.bu.met.cs665.driver.TaxiDriver - Driver:d123 receive a new delivery request:
retailer1 wants to delivery a "keyboard" from "02141, Cambridge, MA" to "999, Boston, MA" with "19.990000"$.

2024-02-16 18:46:35 INFO  edu.bu.met.cs665.retailer.DeliveryRequest - notify driver:d789
2024-02-16 18:46:35 INFO  edu.bu.met.cs665.driver.TaxiDriver - Driver:d789 receive a new delivery request:
retailer1 wants to delivery a "keyboard" from "02141, Cambridge, MA" to "999, Boston, MA" with "19.990000"$.

2024-02-16 18:46:35 INFO  edu.bu.met.cs665.retailer.DeliveryRequest - notify driver:d456
2024-02-16 18:46:35 INFO  edu.bu.met.cs665.driver.TaxiDriver - Driver:d456 receive a new delivery request:
retailer1 wants to delivery a "keyboard" from "02141, Cambridge, MA" to "999, Boston, MA" with "19.990000"$.

2024-02-16 18:46:35 INFO  edu.bu.met.cs665.retailer.DeliveryRequest - notify driver:f456
2024-02-16 18:46:35 INFO  edu.bu.met.cs665.driver.FreelanceVan - Driver:f456 receive a new delivery request:
retailer1 wants to delivery a "keyboard" from "02141, Cambridge, MA" to "999, Boston, MA" with "19.990000"$.

2024-02-16 18:46:35 INFO  edu.bu.met.cs665.retailer.DeliveryRequest - notify driver:f123
2024-02-16 18:46:35 INFO  edu.bu.met.cs665.driver.FreelanceVan - Driver:f123 receive a new delivery request:
retailer1 wants to delivery a "keyboard" from "02141, Cambridge, MA" to "999, Boston, MA" with "19.990000"$.

2024-02-16 18:46:35 INFO  edu.bu.met.cs665.retailer.DeliveryRequest - notify driver:f789
2024-02-16 18:46:35 INFO  edu.bu.met.cs665.driver.FreelanceVan - Driver:f789 receive a new delivery request:
retailer1 wants to delivery a "keyboard" from "02141, Cambridge, MA" to "999, Boston, MA" with "19.990000"$.

2024-02-16 18:46:35 INFO  edu.bu.met.cs665.retailer.DeliveryRequest - notify driver:111
2024-02-16 18:46:35 INFO  edu.bu.met.cs665.driver.TaxiDriver - Driver:111 receive a new delivery request:
retailer1 wants to delivery a "keyboard" from "02141, Cambridge, MA" to "999, Boston, MA" with "19.990000"$.

2024-02-16 18:46:35 INFO  edu.bu.met.cs665.retailer.DeliveryRequest - notify driver:123
2024-02-16 18:46:35 INFO  edu.bu.met.cs665.driver.TaxiDriver - Driver:123 receive a new delivery request:
retailer1 wants to delivery a "keyboard" from "02141, Cambridge, MA" to "999, Boston, MA" with "19.990000"$.

2024-02-16 18:46:35 INFO  edu.bu.met.cs665.retailer.DeliveryRequest - notify driver:222
2024-02-16 18:46:35 INFO  edu.bu.met.cs665.driver.TaxiDriver - Driver:222 receive a new delivery request:
retailer1 wants to delivery a "keyboard" from "02141, Cambridge, MA" to "999, Boston, MA" with "19.990000"$.

2024-02-16 18:46:35 INFO  edu.bu.met.cs665.retailer.DeliveryRequest - notify driver:333
2024-02-16 18:46:35 INFO  edu.bu.met.cs665.driver.TaxiDriver - Driver:333 receive a new delivery request:
retailer1 wants to delivery a "keyboard" from "02141, Cambridge, MA" to "999, Boston, MA" with "19.990000"$.

2024-02-16 18:46:35 INFO  edu.bu.met.cs665.retailer.DeliveryRequest - notify driver:456
2024-02-16 18:46:35 INFO  edu.bu.met.cs665.driver.TaxiDriver - Driver:456 receive a new delivery request:
retailer1 wants to delivery a "keyboard" from "02141, Cambridge, MA" to "999, Boston, MA" with "19.990000"$.

2024-02-16 18:46:35 INFO  edu.bu.met.cs665.retailer.DeliveryRequest - notify driver:789
2024-02-16 18:46:35 INFO  edu.bu.met.cs665.driver.TaxiDriver - Driver:789 receive a new delivery request:
retailer1 wants to delivery a "keyboard" from "02141, Cambridge, MA" to "999, Boston, MA" with "19.990000"$.

